c:\users\huber\documents\bombel-master\bombelmaster\bombelmaster\debug\vc141.pdb
c:\users\huber\documents\bombel-master\bombelmaster\bombelmaster\debug\vc141.idb
c:\users\huber\documents\bombel-master\bombelmaster\bombelmaster\debug\bombelmaster.sbr
c:\users\huber\documents\bombel-master\bombelmaster\bombelmaster\debug\handler.sbr
c:\users\huber\documents\bombel-master\bombelmaster\bombelmaster\debug\readingfile.sbr
c:\users\huber\documents\bombel-master\bombelmaster\bombelmaster\debug\serialhandler.sbr
c:\users\huber\documents\bombel-master\bombelmaster\bombelmaster\debug\serialport.sbr
c:\users\huber\documents\bombel-master\bombelmaster\bombelmaster\debug\serialport.obj
c:\users\huber\documents\bombel-master\bombelmaster\bombelmaster\debug\serialhandler.obj
c:\users\huber\documents\bombel-master\bombelmaster\bombelmaster\debug\readingfile.obj
c:\users\huber\documents\bombel-master\bombelmaster\bombelmaster\debug\handler.obj
c:\users\huber\documents\bombel-master\bombelmaster\bombelmaster\debug\bombelmaster.obj
c:\users\huber\documents\bombel-master\bombelmaster\bombelmaster\debug\manipulator.sbr
c:\users\huber\documents\bombel-master\bombelmaster\bombelmaster\debug\manipulator.obj
d:\bombelarm\bombel-master\bombelmaster\debug\bombelmaster.exe
d:\bombelarm\bombel-master\bombelmaster\debug\bombelmaster.ilk
d:\bombelarm\bombel-master\bombelmaster\debug\bombelmaster.pdb
c:\users\huber\documents\bombel-master\bombelmaster\debug\bombelmaster.ilk
c:\users\huber\documents\bombel-master\bombelmaster\debug\bombelmaster.exe
c:\users\huber\documents\bombel-master\bombelmaster\debug\bombelmaster.pdb
c:\users\huber\documents\bombel-master\bombelmaster\bombelmaster\debug\stdafx.obj
c:\users\huber\documents\bombel-master\bombelmaster\bombelmaster\debug\stdafx.sbr
c:\users\huber\documents\bombel-master\bombelmaster\debug\bombelmaster.bsc
c:\users\huber\documents\bombel-master\bombelmaster\bombelmaster\debug\bombelmaster.tlog\bscmake.command.1.tlog
c:\users\huber\documents\bombel-master\bombelmaster\bombelmaster\debug\bombelmaster.tlog\bscmake.read.1.tlog
c:\users\huber\documents\bombel-master\bombelmaster\bombelmaster\debug\bombelmaster.tlog\cl.command.1.tlog
c:\users\huber\documents\bombel-master\bombelmaster\bombelmaster\debug\bombelmaster.tlog\cl.read.1.tlog
c:\users\huber\documents\bombel-master\bombelmaster\bombelmaster\debug\bombelmaster.tlog\cl.write.1.tlog
c:\users\huber\documents\bombel-master\bombelmaster\bombelmaster\debug\bombelmaster.tlog\link-cvtres.read.1.tlog
c:\users\huber\documents\bombel-master\bombelmaster\bombelmaster\debug\bombelmaster.tlog\link-cvtres.write.1.tlog
c:\users\huber\documents\bombel-master\bombelmaster\bombelmaster\debug\bombelmaster.tlog\link-rc.read.1.tlog
c:\users\huber\documents\bombel-master\bombelmaster\bombelmaster\debug\bombelmaster.tlog\link-rc.write.1.tlog
c:\users\huber\documents\bombel-master\bombelmaster\bombelmaster\debug\bombelmaster.tlog\link.780-cvtres.read.1.tlog
c:\users\huber\documents\bombel-master\bombelmaster\bombelmaster\debug\bombelmaster.tlog\link.780-cvtres.write.1.tlog
c:\users\huber\documents\bombel-master\bombelmaster\bombelmaster\debug\bombelmaster.tlog\link.780-rc.read.1.tlog
c:\users\huber\documents\bombel-master\bombelmaster\bombelmaster\debug\bombelmaster.tlog\link.780-rc.write.1.tlog
c:\users\huber\documents\bombel-master\bombelmaster\bombelmaster\debug\bombelmaster.tlog\link.780.read.1.tlog
c:\users\huber\documents\bombel-master\bombelmaster\bombelmaster\debug\bombelmaster.tlog\link.780.write.1.tlog
c:\users\huber\documents\bombel-master\bombelmaster\bombelmaster\debug\bombelmaster.tlog\link.command.1.tlog
c:\users\huber\documents\bombel-master\bombelmaster\bombelmaster\debug\bombelmaster.tlog\link.read.1.tlog
c:\users\huber\documents\bombel-master\bombelmaster\bombelmaster\debug\bombelmaster.tlog\link.write.1.tlog
